<?xml version="1.0" encoding="UTF-8"?>
<testsuite name="CatApiTest" tests="1" skipped="0" failures="0" errors="0" timestamp="2020-08-23T06:07:35" hostname="DESKTOP-MO3TN54" time="2.538">
  <properties/>
  <testcase name="test" classname="CatApiTest" time="2.538"/>
  <system-out><![CDATA[]]></system-out>
  <system-err><![CDATA[]]></system-err>
</testsuite>
